#
# There is insufficient memory for the Java Runtime Environment to continue.
# Native memory allocation (malloc) failed to allocate 571536 bytes for Chunk::new
# Possible reasons:
#   The system is out of physical RAM or swap space
#   The process is running with CompressedOops enabled, and the Java Heap may be blocking the growth of the native heap
# Possible solutions:
#   Reduce memory load on the system
#   Increase physical memory or swap space
#   Check if swap backing store is full
#   Decrease Java heap size (-Xmx/-Xms)
#   Decrease number of Java threads
#   Decrease Java thread stack sizes (-Xss)
#   Set larger code cache with -XX:ReservedCodeCacheSize=
#   JVM is running with Unscaled Compressed Oops mode in which the Java heap is
#     placed in the first 4GB address space. The Java Heap base address is the
#     maximum limit for the native heap growth. Please use -XX:HeapBaseMinAddress
#     to set the Java Heap base and to place the Java Heap above 4GB virtual address.
# This output file may be truncated or incomplete.
#
#  Out of Memory Error (arena.cpp:189), pid=12892, tid=9276
#
# JRE version: OpenJDK Runtime Environment Temurin-17.0.4.1+1 (17.0.4.1+1) (build 17.0.4.1+1)
# Java VM: OpenJDK 64-Bit Server VM Temurin-17.0.4.1+1 (17.0.4.1+1, mixed mode, tiered, compressed oops, compressed class ptrs, parallel gc, windows-amd64)
# No core dump will be written. Minidumps are not enabled by default on client versions of Windows
#

---------------  S U M M A R Y ------------

Command Line: --add-modules=ALL-SYSTEM --add-opens=java.base/java.util=ALL-UNNAMED --add-opens=java.base/java.lang=ALL-UNNAMED --add-opens=java.base/sun.nio.fs=ALL-UNNAMED -Declipse.application=org.eclipse.jdt.ls.core.id1 -Dosgi.bundles.defaultStartLevel=4 -Declipse.product=org.eclipse.jdt.ls.core.product -Djava.import.generatesMetadataFilesAtProjectRoot=false -Dfile.encoding=utf8 -XX:+UseParallelGC -XX:GCTimeRatio=4 -XX:AdaptiveSizePolicyWeight=90 -Dsun.zip.disableMemoryMapping=true -Xmx1G -Xms100m -Xlog:disable -javaagent:c:\Users\rv178\.vscode\extensions\redhat.java-1.12.0-win32-x64\lombok\lombok-1.18.24.jar -XX:+HeapDumpOnOutOfMemoryError -XX:HeapDumpPath=c:\Users\rv178\AppData\Roaming\Code\User\workspaceStorage\88fd78610c8575384478f8ed5f337a1f\redhat.java c:\Users\rv178\.vscode\extensions\redhat.java-1.12.0-win32-x64\server\plugins\org.eclipse.equinox.launcher_1.6.400.v20210924-0641.jar -configuration c:\Users\rv178\AppData\Roaming\Code\User\globalStorage\redhat.java\1.12.0\config_win -data c:\Users\rv178\AppData\Roaming\Code\User\workspaceStorage\88fd78610c8575384478f8ed5f337a1f\redhat.java\jdt_ws

Host: Intel(R) Core(TM) i3-10110U CPU @ 2.10GHz, 4 cores, 3G,  Windows 11 , 64 bit Build 22621 (10.0.22621.755)
Time: Mon Nov 21 22:19:19 2022 India Standard Time elapsed time: 1863.439749 seconds (0d 0h 31m 3s)

---------------  T H R E A D  ---------------

Current thread (0x000001eefb8a0c70):  JavaThread "C2 CompilerThread0" daemon [_thread_in_native, id=9276, stack(0x000000b7b2e00000,0x000000b7b2f00000)]


Current CompileTask:
C2:1863439 7993       4       java.lang.invoke.MethodType::makeImpl (109 bytes)

Stack: [0x000000b7b2e00000,0x000000b7b2f00000]
Native frames: (J=compiled Java code, j=interpreted, Vv=VM code, C=native code)
V  [jvm.dll+0x67731a]
V  [jvm.dll+0x832284]
V  [jvm.dll+0x833a2e]
V  [jvm.dll+0x834093]
V  [jvm.dll+0x245775]
V  [jvm.dll+0xabd7b]
V  [jvm.dll+0xac30c]
V  [jvm.dll+0x2ac80f]
V  [jvm.dll+0x57dd77]
V  [jvm.dll+0x220892]
V  [jvm.dll+0x21a182]
V  [jvm.dll+0x21799b]
V  [jvm.dll+0x1a3f8d]
V  [jvm.dll+0x227498]
V  [jvm.dll+0x2255e5]
V  [jvm.dll+0x7e7e9b]
V  [jvm.dll+0x7e240a]
V  [jvm.dll+0x6761a5]
C  [ucrtbase.dll+0x29363]
C  [KERNEL32.DLL+0x1244d]
C  [ntdll.dll+0x5dfb8]


---------------  P R O C E S S  ---------------

Threads class SMR info:
_java_thread_list=0x000001ee90018110, length=29, elements={
0x000001eef6a719f0, 0x000001eefb889cb0, 0x000001eefb88c780, 0x000001eefb89b6f0,
0x000001eefb89dfc0, 0x000001eefb89f020, 0x000001eefb89f8e0, 0x000001eefb8a0c70,
0x000001eefb8d5000, 0x000001eefd2f0060, 0x000001eefd3bd050, 0x000001eefd583630,
0x000001eefd608860, 0x000001eefd409670, 0x000001eefd74ecd0, 0x000001eefdba37e0,
0x000001eefde21a60, 0x000001eefde210c0, 0x000001eefde23270, 0x000001eefde23740,
0x000001eefde20bf0, 0x000001eefde23c10, 0x000001ee937b7540, 0x000001ee937b6ba0,
0x000001ee937b5390, 0x000001ee937b66d0, 0x000001ee937b6200, 0x000001ee937bc240,
0x000001ee937b7070
}

Java Threads: ( => current thread )
  0x000001eef6a719f0 JavaThread "main" [_thread_blocked, id=15340, stack(0x000000b7b2500000,0x000000b7b2600000)]
  0x000001eefb889cb0 JavaThread "Reference Handler" daemon [_thread_blocked, id=10148, stack(0x000000b7b2800000,0x000000b7b2900000)]
  0x000001eefb88c780 JavaThread "Finalizer" daemon [_thread_blocked, id=88, stack(0x000000b7b2900000,0x000000b7b2a00000)]
  0x000001eefb89b6f0 JavaThread "Signal Dispatcher" daemon [_thread_blocked, id=12692, stack(0x000000b7b2a00000,0x000000b7b2b00000)]
  0x000001eefb89dfc0 JavaThread "Attach Listener" daemon [_thread_blocked, id=13160, stack(0x000000b7b2b00000,0x000000b7b2c00000)]
  0x000001eefb89f020 JavaThread "Service Thread" daemon [_thread_blocked, id=2204, stack(0x000000b7b2c00000,0x000000b7b2d00000)]
  0x000001eefb89f8e0 JavaThread "Monitor Deflation Thread" daemon [_thread_blocked, id=16312, stack(0x000000b7b2d00000,0x000000b7b2e00000)]
=>0x000001eefb8a0c70 JavaThread "C2 CompilerThread0" daemon [_thread_in_native, id=9276, stack(0x000000b7b2e00000,0x000000b7b2f00000)]
  0x000001eefb8d5000 JavaThread "C1 CompilerThread0" daemon [_thread_blocked, id=11552, stack(0x000000b7b2f00000,0x000000b7b3000000)]
  0x000001eefd2f0060 JavaThread "Sweeper thread" daemon [_thread_blocked, id=11392, stack(0x000000b7b3000000,0x000000b7b3100000)]
  0x000001eefd3bd050 JavaThread "Common-Cleaner" daemon [_thread_blocked, id=11500, stack(0x000000b7b3100000,0x000000b7b3200000)]
  0x000001eefd583630 JavaThread "Notification Thread" daemon [_thread_blocked, id=10988, stack(0x000000b7b3200000,0x000000b7b3300000)]
  0x000001eefd608860 JavaThread "Active Thread: Equinox Container: ef289e86-6bf9-411e-8e6f-8a3aacd06d12" [_thread_blocked, id=15900, stack(0x000000b7b3700000,0x000000b7b3800000)]
  0x000001eefd409670 JavaThread "Framework Event Dispatcher: Equinox Container: ef289e86-6bf9-411e-8e6f-8a3aacd06d12" daemon [_thread_blocked, id=8184, stack(0x000000b7b3800000,0x000000b7b3900000)]
  0x000001eefd74ecd0 JavaThread "Start Level: Equinox Container: ef289e86-6bf9-411e-8e6f-8a3aacd06d12" daemon [_thread_blocked, id=9328, stack(0x000000b7b3900000,0x000000b7b3a00000)]
  0x000001eefdba37e0 JavaThread "SCR Component Actor" daemon [_thread_blocked, id=13604, stack(0x000000b7b3a00000,0x000000b7b3b00000)]
  0x000001eefde21a60 JavaThread "Worker-JM" [_thread_blocked, id=14292, stack(0x000000b7b3c00000,0x000000b7b3d00000)]
  0x000001eefde210c0 JavaThread "Worker-1" [_thread_blocked, id=10776, stack(0x000000b7b3e00000,0x000000b7b3f00000)]
  0x000001eefde23270 JavaThread "Java indexing" daemon [_thread_blocked, id=6540, stack(0x000000b7b4000000,0x000000b7b4100000)]
  0x000001eefde23740 JavaThread "JNA Cleaner" daemon [_thread_blocked, id=6308, stack(0x000000b7b4200000,0x000000b7b4300000)]
  0x000001eefde20bf0 JavaThread "pool-2-thread-1" [_thread_blocked, id=10164, stack(0x000000b7b4300000,0x000000b7b4400000)]
  0x000001eefde23c10 JavaThread "pool-1-thread-1" [_thread_in_vm, id=1316, stack(0x000000b7b3b00000,0x000000b7b3c00000)]
  0x000001ee937b7540 JavaThread "Bundle File Closer" daemon [_thread_blocked, id=7568, stack(0x000000b7b2400000,0x000000b7b2500000)]
  0x000001ee937b6ba0 JavaThread "Worker-5" [_thread_blocked, id=11812, stack(0x000000b7b4100000,0x000000b7b4200000)]
  0x000001ee937b5390 JavaThread "Java Debug Server" daemon [_thread_in_native, id=4148, stack(0x000000b7b4600000,0x000000b7b4700000)]
  0x000001ee937b66d0 JavaThread "RxSchedulerPurge-1" daemon [_thread_blocked, id=14048, stack(0x000000b7b4900000,0x000000b7b4a00000)]
  0x000001ee937b6200 JavaThread "RxCachedWorkerPoolEvictor-1" daemon [_thread_blocked, id=14776, stack(0x000000b7b4a00000,0x000000b7b4b00000)]
  0x000001ee937bc240 JavaThread "ForkJoinPool.commonPool-worker-5" daemon [_thread_blocked, id=6180, stack(0x000000b7b2300000,0x000000b7b2400000)]
  0x000001ee937b7070 JavaThread "ForkJoinPool.commonPool-worker-6" daemon [_thread_blocked, id=16232, stack(0x000000b7b3d00000,0x000000b7b3e00000)]

Other Threads:
  0x000001eefb873e20 VMThread "VM Thread" [stack: 0x000000b7b2700000,0x000000b7b2800000] [id=9628]
  0x000001eefd568c10 WatcherThread [stack: 0x000000b7b3300000,0x000000b7b3400000] [id=7924]
  0x000001eef6a85ed0 GCTaskThread "GC Thread#0" [stack: 0x000000b7b2600000,0x000000b7b2700000] [id=13236]
  0x000001eefdeb9650 GCTaskThread "GC Thread#1" [stack: 0x000000b7b3400000,0x000000b7b3500000] [id=15916]
  0x000001eefdeb9900 GCTaskThread "GC Thread#2" [stack: 0x000000b7b3500000,0x000000b7b3600000] [id=2124]
  0x000001eefdeb9bb0 GCTaskThread "GC Thread#3" [stack: 0x000000b7b3600000,0x000000b7b3700000] [id=11968]

Threads with active compile tasks:
C2 CompilerThread0  1863528 7993       4       java.lang.invoke.MethodType::makeImpl (109 bytes)

VM state: not at safepoint (normal execution)

VM Mutex/Monitor currently owned by a thread: None

Heap address: 0x00000000c0000000, size: 1024 MB, Compressed Oops mode: 32-bit

CDS archive(s) not mapped
Compressed class space mapped at: 0x0000000100000000-0x0000000140000000, reserved size: 1073741824
Narrow klass base: 0x0000000000000000, Narrow klass shift: 3, Narrow klass range: 0x140000000

GC Precious Log:
 CPUs: 4 total, 4 available
 Memory: 3933M
 Large Page Support: Disabled
 NUMA Support: Disabled
 Compressed Oops: Enabled (32-bit)
 Alignments: Space 512K, Generation 512K, Heap 2M
 Heap Min Capacity: 100M
 Heap Initial Capacity: 100M
 Heap Max Capacity: 1G
 Pre-touch: Disabled
 Parallel Workers: 4

Heap:
 PSYoungGen      total 6656K, used 3573K [0x00000000eab00000, 0x00000000eb880000, 0x0000000100000000)
  eden space 6144K, 50% used [0x00000000eab00000,0x00000000eae014b0,0x00000000eb100000)
  from space 512K, 96% used [0x00000000eb780000,0x00000000eb7fbf60,0x00000000eb800000)
  to   space 512K, 0% used [0x00000000eb800000,0x00000000eb800000,0x00000000eb880000)
 ParOldGen       total 113152K, used 96421K [0x00000000c0000000, 0x00000000c6e80000, 0x00000000eab00000)
  object space 113152K, 85% used [0x00000000c0000000,0x00000000c5e296d8,0x00000000c6e80000)
 Metaspace       used 67474K, committed 68608K, reserved 1114112K
  class space    used 7196K, committed 7680K, reserved 1048576K

Card table byte_map: [0x000001eef6420000,0x000001eef6630000] _byte_map_base: 0x000001eef5e20000

Marking Bits: (ParMarkBitMap*) 0x00007ffea2222cc0
 Begin Bits: [0x000001eef9700000, 0x000001eefa700000)
 End Bits:   [0x000001eefa700000, 0x000001eefb700000)

Polling page: 0x000001eef4a60000

Metaspace:

Usage:
  Non-class:     58.87 MB used.
      Class:      7.03 MB used.
       Both:     65.89 MB used.

Virtual space:
  Non-class space:       64.00 MB reserved,      59.50 MB ( 93%) committed,  8 nodes.
      Class space:        1.00 GB reserved,       7.50 MB ( <1%) committed,  1 nodes.
             Both:        1.06 GB reserved,      67.00 MB (  6%) committed. 

Chunk freelists:
   Non-Class:  112.00 KB
       Class:  496.00 KB
        Both:  608.00 KB

MaxMetaspaceSize: unlimited
CompressedClassSpaceSize: 1.00 GB
Initial GC threshold: 21.00 MB
Current GC threshold: 92.62 MB
CDS: off
MetaspaceReclaimPolicy: balanced
 - commit_granule_bytes: 65536.
 - commit_granule_words: 8192.
 - virtual_space_node_default_size: 1048576.
 - enlarge_chunks_in_place: 1.
 - new_chunks_are_fully_committed: 0.
 - uncommit_free_chunks: 1.
 - use_allocation_guard: 0.
 - handle_deallocations: 1.


Internal statistics:

num_allocs_failed_limit: 6.
num_arena_births: 520.
num_arena_deaths: 14.
num_vsnodes_births: 9.
num_vsnodes_deaths: 0.
num_space_committed: 1072.
num_space_uncommitted: 0.
num_chunks_returned_to_freelist: 20.
num_chunks_taken_from_freelist: 3074.
num_chunk_merges: 10.
num_chunk_splits: 2012.
num_chunks_enlarged: 1324.
num_purges: 2.
num_inconsistent_stats: 0.

CodeHeap 'non-profiled nmethods': size=120000Kb used=4000Kb max_used=4158Kb free=115999Kb
 bounds [0x000001ee87ad0000, 0x000001ee87ee0000, 0x000001ee8f000000]
CodeHeap 'profiled nmethods': size=120000Kb used=13995Kb max_used=15279Kb free=106004Kb
 bounds [0x000001ee805a0000, 0x000001ee81490000, 0x000001ee87ad0000]
CodeHeap 'non-nmethods': size=5760Kb used=1371Kb max_used=1460Kb free=4388Kb
 bounds [0x000001ee80000000, 0x000001ee80270000, 0x000001ee805a0000]
 total_blobs=7365 nmethods=6644 adapters=633
 compilation: enabled
              stopped_count=0, restarted_count=0
 full_count=0

Compilation events (20 events):
Event: 1861.836 Thread 0x000001eefb8d5000 nmethod 7983 0x000001ee80e7bb10 code [0x000001ee80e7bca0, 0x000001ee80e7be18]
Event: 1861.842 Thread 0x000001eefb8d5000 7984       3       org.eclipse.jdt.internal.compiler.lookup.MethodBinding::isDefaultAbstract (15 bytes)
Event: 1861.842 Thread 0x000001eefb8d5000 nmethod 7984 0x000001ee80e9a910 code [0x000001ee80e9aaa0, 0x000001ee80e9ac18]
Event: 1861.842 Thread 0x000001eefb8d5000 7985       3       org.eclipse.jdt.internal.compiler.util.Sorting::concreteFirst (98 bytes)
Event: 1861.842 Thread 0x000001eefb8a0c70 7986       4       org.eclipse.jdt.internal.compiler.lookup.MethodBinding::original (2 bytes)
Event: 1861.843 Thread 0x000001eefb8a0c70 nmethod 7986 0x000001ee87e0d410 code [0x000001ee87e0d580, 0x000001ee87e0d5f8]
Event: 1861.844 Thread 0x000001eefb8d5000 nmethod 7985 0x000001ee80fb0e90 code [0x000001ee80fb10a0, 0x000001ee80fb1a58]
Event: 1861.991 Thread 0x000001eefb8d5000 7987       3       org.eclipse.jdt.internal.compiler.lookup.MethodScope::isLambdaScope (8 bytes)
Event: 1861.991 Thread 0x000001eefb8d5000 nmethod 7987 0x000001ee810d9390 code [0x000001ee810d9520, 0x000001ee810d9718]
Event: 1861.993 Thread 0x000001eefb8d5000 7988       3       org.eclipse.jdt.internal.compiler.lookup.SourceTypeBinding::canBeSeenBy (39 bytes)
Event: 1861.999 Thread 0x000001eefb8d5000 nmethod 7988 0x000001ee81234790 code [0x000001ee812349c0, 0x000001ee81235198]
Event: 1862.005 Thread 0x000001eefb8d5000 7989       3       org.eclipse.jdt.internal.compiler.ast.Expression::computeConversion (372 bytes)
Event: 1862.008 Thread 0x000001eefb8a0c70 7992       4       org.eclipse.jdt.internal.compiler.lookup.ReferenceBinding::compare (53 bytes)
Event: 1862.012 Thread 0x000001eefb8d5000 nmethod 7989 0x000001ee810e6590 code [0x000001ee810e68a0, 0x000001ee810e7de8]
Event: 1862.012 Thread 0x000001eefb8d5000 7990       3       org.eclipse.jdt.internal.compiler.lookup.SourceTypeBinding::initializeForStaticImports (52 bytes)
Event: 1862.012 Thread 0x000001eefb8a0c70 nmethod 7992 0x000001ee87bfec10 code [0x000001ee87bfed80, 0x000001ee87bfeef8]
Event: 1862.013 Thread 0x000001eefb8d5000 nmethod 7990 0x000001ee806a7010 code [0x000001ee806a7200, 0x000001ee806a76d8]
Event: 1862.014 Thread 0x000001eefb8d5000 7991   !   3       org.eclipse.jdt.internal.compiler.lookup.SourceTypeBinding::getField (317 bytes)
Event: 1862.018 Thread 0x000001eefb8d5000 nmethod 7991 0x000001ee81049490 code [0x000001ee81049740, 0x000001ee8104a888]
Event: 1863.278 Thread 0x000001eefb8a0c70 7993       4       java.lang.invoke.MethodType::makeImpl (109 bytes)

GC Heap History (20 events):
Event: 179.881 GC heap before
{Heap before GC invocations=53 (full 4):
 PSYoungGen      total 10240K, used 6944K [0x00000000eab00000, 0x00000000eba80000, 0x0000000100000000)
  eden space 6144K, 100% used [0x00000000eab00000,0x00000000eb100000,0x00000000eb100000)
  from space 4096K, 19% used [0x00000000eb400000,0x00000000eb4c8000,0x00000000eb800000)
  to   space 1536K, 0% used [0x00000000eb900000,0x00000000eb900000,0x00000000eba80000)
 ParOldGen       total 113152K, used 92724K [0x00000000c0000000, 0x00000000c6e80000, 0x00000000eab00000)
  object space 113152K, 81% used [0x00000000c0000000,0x00000000c5a8d090,0x00000000c6e80000)
 Metaspace       used 64337K, committed 65344K, reserved 1114112K
  class space    used 6766K, committed 7168K, reserved 1048576K
}
Event: 179.883 GC heap after
{Heap after GC invocations=53 (full 4):
 PSYoungGen      total 7168K, used 961K [0x00000000eab00000, 0x00000000eba00000, 0x0000000100000000)
  eden space 6144K, 0% used [0x00000000eab00000,0x00000000eab00000,0x00000000eb100000)
  from space 1024K, 93% used [0x00000000eb900000,0x00000000eb9f0408,0x00000000eba00000)
  to   space 1024K, 0% used [0x00000000eb800000,0x00000000eb800000,0x00000000eb900000)
 ParOldGen       total 113152K, used 92732K [0x00000000c0000000, 0x00000000c6e80000, 0x00000000eab00000)
  object space 113152K, 81% used [0x00000000c0000000,0x00000000c5a8f090,0x00000000c6e80000)
 Metaspace       used 64337K, committed 65344K, reserved 1114112K
  class space    used 6766K, committed 7168K, reserved 1048576K
}
Event: 180.004 GC heap before
{Heap before GC invocations=54 (full 4):
 PSYoungGen      total 7168K, used 7105K [0x00000000eab00000, 0x00000000eba00000, 0x0000000100000000)
  eden space 6144K, 100% used [0x00000000eab00000,0x00000000eb100000,0x00000000eb100000)
  from space 1024K, 93% used [0x00000000eb900000,0x00000000eb9f0408,0x00000000eba00000)
  to   space 1024K, 0% used [0x00000000eb800000,0x00000000eb800000,0x00000000eb900000)
 ParOldGen       total 113152K, used 92732K [0x00000000c0000000, 0x00000000c6e80000, 0x00000000eab00000)
  object space 113152K, 81% used [0x00000000c0000000,0x00000000c5a8f090,0x00000000c6e80000)
 Metaspace       used 65139K, committed 66112K, reserved 1114112K
  class space    used 6893K, committed 7296K, reserved 1048576K
}
Event: 180.006 GC heap after
{Heap after GC invocations=54 (full 4):
 PSYoungGen      total 7168K, used 1009K [0x00000000eab00000, 0x00000000eb980000, 0x0000000100000000)
  eden space 6144K, 0% used [0x00000000eab00000,0x00000000eab00000,0x00000000eb100000)
  from space 1024K, 98% used [0x00000000eb800000,0x00000000eb8fc418,0x00000000eb900000)
  to   space 512K, 0% used [0x00000000eb900000,0x00000000eb900000,0x00000000eb980000)
 ParOldGen       total 113152K, used 92756K [0x00000000c0000000, 0x00000000c6e80000, 0x00000000eab00000)
  object space 113152K, 81% used [0x00000000c0000000,0x00000000c5a95090,0x00000000c6e80000)
 Metaspace       used 65139K, committed 66112K, reserved 1114112K
  class space    used 6893K, committed 7296K, reserved 1048576K
}
Event: 180.113 GC heap before
{Heap before GC invocations=55 (full 4):
 PSYoungGen      total 7168K, used 7148K [0x00000000eab00000, 0x00000000eb980000, 0x0000000100000000)
  eden space 6144K, 99% used [0x00000000eab00000,0x00000000eb0fee58,0x00000000eb100000)
  from space 1024K, 98% used [0x00000000eb800000,0x00000000eb8fc418,0x00000000eb900000)
  to   space 512K, 0% used [0x00000000eb900000,0x00000000eb900000,0x00000000eb980000)
 ParOldGen       total 113152K, used 92756K [0x00000000c0000000, 0x00000000c6e80000, 0x00000000eab00000)
  object space 113152K, 81% used [0x00000000c0000000,0x00000000c5a95090,0x00000000c6e80000)
 Metaspace       used 65782K, committed 66752K, reserved 1114112K
  class space    used 7030K, committed 7424K, reserved 1048576K
}
Event: 180.115 GC heap after
{Heap after GC invocations=55 (full 4):
 PSYoungGen      total 6656K, used 499K [0x00000000eab00000, 0x00000000eb980000, 0x0000000100000000)
  eden space 6144K, 0% used [0x00000000eab00000,0x00000000eab00000,0x00000000eb100000)
  from space 512K, 97% used [0x00000000eb900000,0x00000000eb97cfc0,0x00000000eb980000)
  to   space 1536K, 0% used [0x00000000eb680000,0x00000000eb680000,0x00000000eb800000)
 ParOldGen       total 113152K, used 93382K [0x00000000c0000000, 0x00000000c6e80000, 0x00000000eab00000)
  object space 113152K, 82% used [0x00000000c0000000,0x00000000c5b319c0,0x00000000c6e80000)
 Metaspace       used 65782K, committed 66752K, reserved 1114112K
  class space    used 7030K, committed 7424K, reserved 1048576K
}
Event: 195.934 GC heap before
{Heap before GC invocations=56 (full 4):
 PSYoungGen      total 6656K, used 6643K [0x00000000eab00000, 0x00000000eb980000, 0x0000000100000000)
  eden space 6144K, 100% used [0x00000000eab00000,0x00000000eb100000,0x00000000eb100000)
  from space 512K, 97% used [0x00000000eb900000,0x00000000eb97cfc0,0x00000000eb980000)
  to   space 1536K, 0% used [0x00000000eb680000,0x00000000eb680000,0x00000000eb800000)
 ParOldGen       total 113152K, used 93382K [0x00000000c0000000, 0x00000000c6e80000, 0x00000000eab00000)
  object space 113152K, 82% used [0x00000000c0000000,0x00000000c5b319c0,0x00000000c6e80000)
 Metaspace       used 66585K, committed 67648K, reserved 1114112K
  class space    used 7123K, committed 7552K, reserved 1048576K
}
Event: 195.937 GC heap after
{Heap after GC invocations=56 (full 4):
 PSYoungGen      total 7680K, used 496K [0x00000000eab00000, 0x00000000eb980000, 0x0000000100000000)
  eden space 6144K, 0% used [0x00000000eab00000,0x00000000eab00000,0x00000000eb100000)
  from space 1536K, 32% used [0x00000000eb680000,0x00000000eb6fc3f8,0x00000000eb800000)
  to   space 1024K, 0% used [0x00000000eb880000,0x00000000eb880000,0x00000000eb980000)
 ParOldGen       total 113152K, used 93574K [0x00000000c0000000, 0x00000000c6e80000, 0x00000000eab00000)
  object space 113152K, 82% used [0x00000000c0000000,0x00000000c5b619c0,0x00000000c6e80000)
 Metaspace       used 66585K, committed 67648K, reserved 1114112K
  class space    used 7123K, committed 7552K, reserved 1048576K
}
Event: 199.804 GC heap before
{Heap before GC invocations=57 (full 4):
 PSYoungGen      total 7680K, used 6640K [0x00000000eab00000, 0x00000000eb980000, 0x0000000100000000)
  eden space 6144K, 100% used [0x00000000eab00000,0x00000000eb100000,0x00000000eb100000)
  from space 1536K, 32% used [0x00000000eb680000,0x00000000eb6fc3f8,0x00000000eb800000)
  to   space 1024K, 0% used [0x00000000eb880000,0x00000000eb880000,0x00000000eb980000)
 ParOldGen       total 113152K, used 93574K [0x00000000c0000000, 0x00000000c6e80000, 0x00000000eab00000)
  object space 113152K, 82% used [0x00000000c0000000,0x00000000c5b619c0,0x00000000c6e80000)
 Metaspace       used 66827K, committed 67840K, reserved 1114112K
  class space    used 7144K, committed 7552K, reserved 1048576K
}
Event: 199.807 GC heap after
{Heap after GC invocations=57 (full 4):
 PSYoungGen      total 7168K, used 880K [0x00000000eab00000, 0x00000000eb980000, 0x0000000100000000)
  eden space 6144K, 0% used [0x00000000eab00000,0x00000000eab00000,0x00000000eb100000)
  from space 1024K, 86% used [0x00000000eb880000,0x00000000eb95c3f8,0x00000000eb980000)
  to   space 1024K, 0% used [0x00000000eb780000,0x00000000eb780000,0x00000000eb880000)
 ParOldGen       total 113152K, used 93574K [0x00000000c0000000, 0x00000000c6e80000, 0x00000000eab00000)
  object space 113152K, 82% used [0x00000000c0000000,0x00000000c5b619c0,0x00000000c6e80000)
 Metaspace       used 66827K, committed 67840K, reserved 1114112K
  class space    used 7144K, committed 7552K, reserved 1048576K
}
Event: 1621.999 GC heap before
{Heap before GC invocations=58 (full 4):
 PSYoungGen      total 7168K, used 7024K [0x00000000eab00000, 0x00000000eb980000, 0x0000000100000000)
  eden space 6144K, 100% used [0x00000000eab00000,0x00000000eb100000,0x00000000eb100000)
  from space 1024K, 86% used [0x00000000eb880000,0x00000000eb95c3f8,0x00000000eb980000)
  to   space 1024K, 0% used [0x00000000eb780000,0x00000000eb780000,0x00000000eb880000)
 ParOldGen       total 113152K, used 93574K [0x00000000c0000000, 0x00000000c6e80000, 0x00000000eab00000)
  object space 113152K, 82% used [0x00000000c0000000,0x00000000c5b619c0,0x00000000c6e80000)
 Metaspace       used 67124K, committed 68160K, reserved 1114112K
  class space    used 7170K, committed 7616K, reserved 1048576K
}
Event: 1622.167 GC heap after
{Heap after GC invocations=58 (full 4):
 PSYoungGen      total 7168K, used 560K [0x00000000eab00000, 0x00000000eb900000, 0x0000000100000000)
  eden space 6144K, 0% used [0x00000000eab00000,0x00000000eab00000,0x00000000eb100000)
  from space 1024K, 54% used [0x00000000eb780000,0x00000000eb80c3f8,0x00000000eb880000)
  to   space 512K, 0% used [0x00000000eb880000,0x00000000eb880000,0x00000000eb900000)
 ParOldGen       total 113152K, used 93582K [0x00000000c0000000, 0x00000000c6e80000, 0x00000000eab00000)
  object space 113152K, 82% used [0x00000000c0000000,0x00000000c5b639c0,0x00000000c6e80000)
 Metaspace       used 67124K, committed 68160K, reserved 1114112K
  class space    used 7170K, committed 7616K, reserved 1048576K
}
Event: 1768.532 GC heap before
{Heap before GC invocations=59 (full 4):
 PSYoungGen      total 7168K, used 5587K [0x00000000eab00000, 0x00000000eb900000, 0x0000000100000000)
  eden space 6144K, 81% used [0x00000000eab00000,0x00000000eafe8bb8,0x00000000eb100000)
  from space 1024K, 54% used [0x00000000eb780000,0x00000000eb80c3f8,0x00000000eb880000)
  to   space 512K, 0% used [0x00000000eb880000,0x00000000eb880000,0x00000000eb900000)
 ParOldGen       total 113152K, used 93582K [0x00000000c0000000, 0x00000000c6e80000, 0x00000000eab00000)
  object space 113152K, 82% used [0x00000000c0000000,0x00000000c5b639c0,0x00000000c6e80000)
 Metaspace       used 67314K, committed 68352K, reserved 1114112K
  class space    used 7180K, committed 7616K, reserved 1048576K
}
Event: 1768.705 GC heap after
{Heap after GC invocations=59 (full 4):
 PSYoungGen      total 6656K, used 505K [0x00000000eab00000, 0x00000000eb900000, 0x0000000100000000)
  eden space 6144K, 0% used [0x00000000eab00000,0x00000000eab00000,0x00000000eb100000)
  from space 512K, 98% used [0x00000000eb880000,0x00000000eb8fe7a0,0x00000000eb900000)
  to   space 1024K, 0% used [0x00000000eb700000,0x00000000eb700000,0x00000000eb800000)
 ParOldGen       total 113152K, used 93979K [0x00000000c0000000, 0x00000000c6e80000, 0x00000000eab00000)
  object space 113152K, 83% used [0x00000000c0000000,0x00000000c5bc6c20,0x00000000c6e80000)
 Metaspace       used 67314K, committed 68352K, reserved 1114112K
  class space    used 7180K, committed 7616K, reserved 1048576K
}
Event: 1768.830 GC heap before
{Heap before GC invocations=60 (full 4):
 PSYoungGen      total 6656K, used 4887K [0x00000000eab00000, 0x00000000eb900000, 0x0000000100000000)
  eden space 6144K, 71% used [0x00000000eab00000,0x00000000eaf47518,0x00000000eb100000)
  from space 512K, 98% used [0x00000000eb880000,0x00000000eb8fe7a0,0x00000000eb900000)
  to   space 1024K, 0% used [0x00000000eb700000,0x00000000eb700000,0x00000000eb800000)
 ParOldGen       total 113152K, used 93979K [0x00000000c0000000, 0x00000000c6e80000, 0x00000000eab00000)
  object space 113152K, 83% used [0x00000000c0000000,0x00000000c5bc6c20,0x00000000c6e80000)
 Metaspace       used 67314K, committed 68352K, reserved 1114112K
  class space    used 7180K, committed 7616K, reserved 1048576K
}
Event: 1768.834 GC heap after
{Heap after GC invocations=60 (full 4):
 PSYoungGen      total 7168K, used 456K [0x00000000eab00000, 0x00000000eb900000, 0x0000000100000000)
  eden space 6144K, 0% used [0x00000000eab00000,0x00000000eab00000,0x00000000eb100000)
  from space 1024K, 44% used [0x00000000eb700000,0x00000000eb7723a8,0x00000000eb800000)
  to   space 1024K, 0% used [0x00000000eb800000,0x00000000eb800000,0x00000000eb900000)
 ParOldGen       total 113152K, used 94156K [0x00000000c0000000, 0x00000000c6e80000, 0x00000000eab00000)
  object space 113152K, 83% used [0x00000000c0000000,0x00000000c5bf3018,0x00000000c6e80000)
 Metaspace       used 67314K, committed 68352K, reserved 1114112K
  class space    used 7180K, committed 7616K, reserved 1048576K
}
Event: 1768.861 GC heap before
{Heap before GC invocations=61 (full 4):
 PSYoungGen      total 7168K, used 4923K [0x00000000eab00000, 0x00000000eb900000, 0x0000000100000000)
  eden space 6144K, 72% used [0x00000000eab00000,0x00000000eaf5caf0,0x00000000eb100000)
  from space 1024K, 44% used [0x00000000eb700000,0x00000000eb7723a8,0x00000000eb800000)
  to   space 1024K, 0% used [0x00000000eb800000,0x00000000eb800000,0x00000000eb900000)
 ParOldGen       total 113152K, used 94156K [0x00000000c0000000, 0x00000000c6e80000, 0x00000000eab00000)
  object space 113152K, 83% used [0x00000000c0000000,0x00000000c5bf3018,0x00000000c6e80000)
 Metaspace       used 67314K, committed 68352K, reserved 1114112K
  class space    used 7180K, committed 7616K, reserved 1048576K
}
Event: 1768.865 GC heap after
{Heap after GC invocations=61 (full 4):
 PSYoungGen      total 6656K, used 488K [0x00000000eab00000, 0x00000000eb880000, 0x0000000100000000)
  eden space 6144K, 0% used [0x00000000eab00000,0x00000000eab00000,0x00000000eb100000)
  from space 512K, 95% used [0x00000000eb800000,0x00000000eb87a3a8,0x00000000eb880000)
  to   space 512K, 0% used [0x00000000eb780000,0x00000000eb780000,0x00000000eb800000)
 ParOldGen       total 113152K, used 94156K [0x00000000c0000000, 0x00000000c6e80000, 0x00000000eab00000)
  object space 113152K, 83% used [0x00000000c0000000,0x00000000c5bf3018,0x00000000c6e80000)
 Metaspace       used 67314K, committed 68352K, reserved 1114112K
  class space    used 7180K, committed 7616K, reserved 1048576K
}
Event: 1857.941 GC heap before
{Heap before GC invocations=62 (full 4):
 PSYoungGen      total 6656K, used 6632K [0x00000000eab00000, 0x00000000eb880000, 0x0000000100000000)
  eden space 6144K, 100% used [0x00000000eab00000,0x00000000eb100000,0x00000000eb100000)
  from space 512K, 95% used [0x00000000eb800000,0x00000000eb87a3a8,0x00000000eb880000)
  to   space 512K, 0% used [0x00000000eb780000,0x00000000eb780000,0x00000000eb800000)
 ParOldGen       total 113152K, used 94156K [0x00000000c0000000, 0x00000000c6e80000, 0x00000000eab00000)
  object space 113152K, 83% used [0x00000000c0000000,0x00000000c5bf3018,0x00000000c6e80000)
 Metaspace       used 67327K, committed 68352K, reserved 1114112K
  class space    used 7180K, committed 7616K, reserved 1048576K
}
Event: 1858.324 GC heap after
{Heap after GC invocations=62 (full 4):
 PSYoungGen      total 6656K, used 495K [0x00000000eab00000, 0x00000000eb880000, 0x0000000100000000)
  eden space 6144K, 0% used [0x00000000eab00000,0x00000000eab00000,0x00000000eb100000)
  from space 512K, 96% used [0x00000000eb780000,0x00000000eb7fbf60,0x00000000eb800000)
  to   space 512K, 0% used [0x00000000eb800000,0x00000000eb800000,0x00000000eb880000)
 ParOldGen       total 113152K, used 96421K [0x00000000c0000000, 0x00000000c6e80000, 0x00000000eab00000)
  object space 113152K, 85% used [0x00000000c0000000,0x00000000c5e296d8,0x00000000c6e80000)
 Metaspace       used 67327K, committed 68352K, reserved 1114112K
  class space    used 7180K, committed 7616K, reserved 1048576K
}

Deoptimization events (20 events):
Event: 1858.887 Thread 0x000001eefde23c10 Uncommon trap: trap_request=0xffffffc6 fr.pc=0x000001ee87b2d104 relative=0x00000000000006c4
Event: 1858.888 Thread 0x000001eefde23c10 Uncommon trap: reason=bimorphic_or_optimized_type_check action=maybe_recompile pc=0x000001ee87b2d104 method=org.eclipse.jdt.internal.compiler.util.SimpleLookupTable.removeKey(Ljava/lang/Object;)Ljava/lang/Object; @ 22 c2
Event: 1858.889 Thread 0x000001eefde23c10 DEOPT PACKING pc=0x000001ee87b2d104 sp=0x000000b7b3bfc400
Event: 1858.895 Thread 0x000001eefde23c10 DEOPT UNPACKING pc=0x000001ee800520a3 sp=0x000000b7b3bfc310 mode 2
Event: 1858.895 Thread 0x000001eefde23c10 Uncommon trap: trap_request=0xffffffc6 fr.pc=0x000001ee87b2d104 relative=0x00000000000006c4
Event: 1858.895 Thread 0x000001eefde23c10 Uncommon trap: reason=bimorphic_or_optimized_type_check action=maybe_recompile pc=0x000001ee87b2d104 method=org.eclipse.jdt.internal.compiler.util.SimpleLookupTable.removeKey(Ljava/lang/Object;)Ljava/lang/Object; @ 22 c2
Event: 1858.895 Thread 0x000001eefde23c10 DEOPT PACKING pc=0x000001ee87b2d104 sp=0x000000b7b3bfc400
Event: 1858.919 Thread 0x000001eefde23c10 DEOPT UNPACKING pc=0x000001ee800520a3 sp=0x000000b7b3bfc310 mode 2
Event: 1858.919 Thread 0x000001eefde23c10 Uncommon trap: trap_request=0xffffffc6 fr.pc=0x000001ee87b2d104 relative=0x00000000000006c4
Event: 1858.919 Thread 0x000001eefde23c10 Uncommon trap: reason=bimorphic_or_optimized_type_check action=maybe_recompile pc=0x000001ee87b2d104 method=org.eclipse.jdt.internal.compiler.util.SimpleLookupTable.removeKey(Ljava/lang/Object;)Ljava/lang/Object; @ 22 c2
Event: 1858.919 Thread 0x000001eefde23c10 DEOPT PACKING pc=0x000001ee87b2d104 sp=0x000000b7b3bfc400
Event: 1858.919 Thread 0x000001eefde23c10 DEOPT UNPACKING pc=0x000001ee800520a3 sp=0x000000b7b3bfc310 mode 2
Event: 1858.919 Thread 0x000001eefde23c10 Uncommon trap: trap_request=0xffffffc6 fr.pc=0x000001ee87b2d104 relative=0x00000000000006c4
Event: 1858.919 Thread 0x000001eefde23c10 Uncommon trap: reason=bimorphic_or_optimized_type_check action=maybe_recompile pc=0x000001ee87b2d104 method=org.eclipse.jdt.internal.compiler.util.SimpleLookupTable.removeKey(Ljava/lang/Object;)Ljava/lang/Object; @ 22 c2
Event: 1858.919 Thread 0x000001eefde23c10 DEOPT PACKING pc=0x000001ee87b2d104 sp=0x000000b7b3bfc400
Event: 1858.919 Thread 0x000001eefde23c10 DEOPT UNPACKING pc=0x000001ee800520a3 sp=0x000000b7b3bfc310 mode 2
Event: 1862.000 Thread 0x000001eefde23c10 Uncommon trap: trap_request=0xffffff6e fr.pc=0x000001ee87dda2a4 relative=0x00000000000001a4
Event: 1862.000 Thread 0x000001eefde23c10 Uncommon trap: reason=loop_limit_check action=maybe_recompile pc=0x000001ee87dda2a4 method=org.eclipse.jdt.internal.compiler.lookup.ReferenceBinding.compare([C[CII)I @ 46 c2
Event: 1862.000 Thread 0x000001eefde23c10 DEOPT PACKING pc=0x000001ee87dda2a4 sp=0x000000b7b3bfcd50
Event: 1862.000 Thread 0x000001eefde23c10 DEOPT UNPACKING pc=0x000001ee800520a3 sp=0x000000b7b3bfccc0 mode 2

Classes unloaded (7 events):
Event: 13.218 Thread 0x000001eefb873e20 Unloading class 0x0000000100218800 'java/lang/invoke/LambdaForm$MH+0x0000000100218800'
Event: 13.218 Thread 0x000001eefb873e20 Unloading class 0x0000000100218400 'java/lang/invoke/LambdaForm$MH+0x0000000100218400'
Event: 13.218 Thread 0x000001eefb873e20 Unloading class 0x0000000100218000 'java/lang/invoke/LambdaForm$MH+0x0000000100218000'
Event: 13.218 Thread 0x000001eefb873e20 Unloading class 0x0000000100217c00 'java/lang/invoke/LambdaForm$MH+0x0000000100217c00'
Event: 13.218 Thread 0x000001eefb873e20 Unloading class 0x0000000100217400 'java/lang/invoke/LambdaForm$BMH+0x0000000100217400'
Event: 13.218 Thread 0x000001eefb873e20 Unloading class 0x0000000100217000 'java/lang/invoke/LambdaForm$DMH+0x0000000100217000'
Event: 13.218 Thread 0x000001eefb873e20 Unloading class 0x0000000100214400 'java/lang/invoke/LambdaForm$DMH+0x0000000100214400'

Classes redefined (0 events):
No events

Internal exceptions (20 events):
Event: 145.546 Thread 0x000001ee937b7070 Exception <a 'java/lang/ClassNotFoundException'{0x00000000ead4dcf0}: sun/util/logging/resources/spi/loggingProvider> (0x00000000ead4dcf0) 
thrown [s\src\hotspot\share\classfile\systemDictionary.cpp, line 256]
Event: 145.599 Thread 0x000001ee937b7070 Exception <a 'java/lang/ArrayIndexOutOfBoundsException'{0x00000000eaf21a40}> (0x00000000eaf21a40) 
thrown [s\src\hotspot\share\runtime\sharedRuntime.cpp, line 628]
Event: 152.432 Thread 0x000001ee937ba560 Exception <a 'java/lang/NoSuchMethodError'{0x00000000eb457b68}: 'java.lang.Object java.lang.invoke.DirectMethodHandle$Holder.invokeStatic(java.lang.Object, int, java.lang.Object)'> (0x00000000eb457b68) 
thrown [s\src\hotspot\share\interpreter\linkResolver.cpp, line 759]
Event: 153.014 Thread 0x000001ee937ba560 Exception <a 'java/lang/NoSuchMethodError'{0x00000000eb4ac2e0}: 'java.lang.Object java.lang.invoke.DirectMethodHandle$Holder.invokeStatic(java.lang.Object, int, java.lang.Object, java.lang.Object, java.lang.Object, java.lang.Object)'> (0x00000000eb4ac2e0) 
thrown [s\src\hotspot\share\interpreter\linkResolver.cpp, line 759]
Event: 153.044 Thread 0x000001ee937ba560 Exception <a 'java/lang/NoSuchMethodError'{0x00000000eab87480}: 'int java.lang.invoke.DirectMethodHandle$Holder.invokeSpecialIFC(java.lang.Object, java.lang.Object, java.lang.Object, java.lang.Object)'> (0x00000000eab87480) 
thrown [s\src\hotspot\share\interpreter\linkResolver.cpp, line 759]
Event: 155.290 Thread 0x000001ee937ba560 Exception <a 'java/lang/ArrayIndexOutOfBoundsException'{0x00000000eb492830}: Index 1244 out of bounds for length 1244> (0x00000000eb492830) 
thrown [s\src\hotspot\share\interpreter\interpreterRuntime.cpp, line 428]
Event: 156.816 Thread 0x000001ee937ba560 Exception <a 'java/lang/ArrayIndexOutOfBoundsException'{0x00000000eaff0238}> (0x00000000eaff0238) 
thrown [s\src\hotspot\share\runtime\sharedRuntime.cpp, line 628]
Event: 174.464 Thread 0x000001eefde23270 Exception <a 'sun/nio/fs/WindowsException'{0x00000000ead92190}> (0x00000000ead92190) 
thrown [s\src\hotspot\share\prims\jni.cpp, line 516]
Event: 174.715 Thread 0x000001ee937b6ba0 Exception <a 'sun/nio/fs/WindowsException'{0x00000000eac988c0}> (0x00000000eac988c0) 
thrown [s\src\hotspot\share\prims\jni.cpp, line 516]
Event: 174.887 Thread 0x000001eefde23270 Exception <a 'sun/nio/fs/WindowsException'{0x00000000eae5b8e0}> (0x00000000eae5b8e0) 
thrown [s\src\hotspot\share\prims\jni.cpp, line 516]
Event: 175.401 Thread 0x000001eefde23270 Implicit null exception at 0x000001ee87e5ce2c to 0x000001ee87e5d4e8
Event: 175.402 Thread 0x000001eefde23270 Implicit null exception at 0x000001ee87e441cf to 0x000001ee87e44694
Event: 179.840 Thread 0x000001ee937baa30 Exception <a 'java/io/FileNotFoundException'{0x00000000eaf3e780}> (0x00000000eaf3e780) 
thrown [s\src\hotspot\share\prims\jni.cpp, line 516]
Event: 180.087 Thread 0x000001ee937baa30 Exception <a 'java/lang/NoSuchMethodError'{0x00000000eaf3cd58}: 'java.lang.Object java.lang.invoke.DirectMethodHandle$Holder.invokeVirtual(java.lang.Object, java.lang.Object, java.lang.Object, java.lang.Object)'> (0x00000000eaf3cd58) 
thrown [s\src\hotspot\share\interpreter\linkResolver.cpp, line 759]
Event: 180.143 Thread 0x000001ee937bb3d0 Exception <a 'java/lang/NoSuchMethodError'{0x00000000eac93520}: 'java.lang.Object java.lang.invoke.DirectMethodHandle$Holder.invokeStatic(java.lang.Object, long, java.lang.Object, java.lang.Object)'> (0x00000000eac93520) 
thrown [s\src\hotspot\share\interpreter\linkResolver.cpp, line 759]
Event: 180.144 Thread 0x000001ee937bb3d0 Exception <a 'java/lang/NoSuchMethodError'{0x00000000eac9a318}: 'java.lang.Object java.lang.invoke.DirectMethodHandle$Holder.newInvokeSpecial(java.lang.Object, long)'> (0x00000000eac9a318) 
thrown [s\src\hotspot\share\interpreter\linkResolver.cpp, line 759]
Event: 328.107 Thread 0x000001ee937b6ba0 Implicit null exception at 0x000001ee87df26e0 to 0x000001ee87df2a70
Event: 328.575 Thread 0x000001ee937b6ba0 Exception <a 'java/lang/NoSuchMethodError'{0x00000000eb0137c0}: 'java.lang.Object java.lang.invoke.DirectMethodHandle$Holder.newInvokeSpecial(java.lang.Object, java.lang.Object, java.lang.Object, java.lang.Object, java.lang.Object, java.lang.Object, java.lang.Object, java.lang.Object)'> (0x00000000eb0137c0) 
thrown [s\src\hotspot\share\interpreter\linkResolver.cpp, line 759]
Event: 328.578 Thread 0x000001ee937b6ba0 Exception <a 'java/lang/NoSuchMethodError'{0x00000000eb01cae0}: 'java.lang.Object java.lang.invoke.DirectMethodHandle$Holder.invokeSpecial(java.lang.Object, java.lang.Object, java.lang.Object, java.lang.Object, java.lang.Object, java.lang.Object, java.lang.Object, java.lang.Object, java.lang.Object)'> (0x00000000eb01cae0) 
thrown [s\src\hotspot\share\interpreter\linkResolver.cpp, line 759]
Event: 328.579 Thread 0x000001ee937b6ba0 Exception <a 'java/lang/NoSuchMethodError'{0x00000000eb0206f8}: 'java.lang.Object java.lang.invoke.Invokers$Holder.linkToTargetMethod(java.lang.Object, java.lang.Object, java.lang.Object, java.lang.Object, java.lang.Object, java.lang.Object, java.lang.Object, java.lang.Object)'> (0x00000000eb0206f8) 
thrown [s\src\hotspot\share\interpreter\linkResolver.cpp, line 759]

VM Operations (20 events):
Event: 1832.580 Executing VM operation: Cleanup
Event: 1832.589 Executing VM operation: Cleanup done
Event: 1855.805 Executing VM operation: Cleanup
Event: 1855.870 Executing VM operation: Cleanup done
Event: 1856.872 Executing VM operation: Cleanup
Event: 1856.874 Executing VM operation: Cleanup done
Event: 1857.925 Executing VM operation: HandshakeAllThreads
Event: 1857.934 Executing VM operation: HandshakeAllThreads done
Event: 1857.941 Executing VM operation: ParallelGCFailedAllocation
Event: 1858.324 Executing VM operation: ParallelGCFailedAllocation done
Event: 1859.340 Executing VM operation: Cleanup
Event: 1859.387 Executing VM operation: Cleanup done
Event: 1860.400 Executing VM operation: Cleanup
Event: 1860.437 Executing VM operation: Cleanup done
Event: 1861.439 Executing VM operation: Cleanup
Event: 1861.661 Executing VM operation: Cleanup done
Event: 1862.089 Executing VM operation: HandshakeAllThreads
Event: 1862.089 Executing VM operation: HandshakeAllThreads done
Event: 1863.101 Executing VM operation: Cleanup
Event: 1863.218 Executing VM operation: Cleanup done

Events (20 events):
Event: 1745.389 Thread 0x000001ee937bc240 Thread added: 0x000001ee937bc240
Event: 1745.440 Thread 0x000001ee937b7070 Thread added: 0x000001ee937b7070
Event: 1765.603 Thread 0x000001ee937b7ee0 Thread added: 0x000001ee937b7ee0
Event: 1765.659 Thread 0x000001ee937bb3d0 Thread added: 0x000001ee937bb3d0
Event: 1765.814 Thread 0x000001ee937bc710 Thread added: 0x000001ee937bc710
Event: 1765.879 Thread 0x000001ee937baf00 Thread added: 0x000001ee937baf00
Event: 1765.882 Thread 0x000001ee937bc710 Thread exited: 0x000001ee937bc710
Event: 1769.621 Thread 0x000001ee937b83b0 Thread added: 0x000001ee937b83b0
Event: 1769.630 Thread 0x000001ee937baf00 Thread exited: 0x000001ee937baf00
Event: 1771.369 Thread 0x000001ee937bb3d0 Thread exited: 0x000001ee937bb3d0
Event: 1801.406 Thread 0x000001ee937b7ee0 Thread exited: 0x000001ee937b7ee0
Event: 1830.714 Thread 0x000001ee937b83b0 Thread exited: 0x000001ee937b83b0
Event: 1860.086 loading class java/util/Spliterators$IntArraySpliterator
Event: 1860.256 loading class java/util/Spliterators$IntArraySpliterator done
Event: 1860.718 loading class java/util/stream/Nodes$IntSpinedNodeBuilder
Event: 1860.855 loading class java/util/stream/SpinedBuffer$OfInt
Event: 1860.935 loading class java/util/stream/SpinedBuffer$OfPrimitive
Event: 1861.073 loading class java/util/stream/SpinedBuffer$OfPrimitive done
Event: 1861.077 loading class java/util/stream/SpinedBuffer$OfInt done
Event: 1861.081 loading class java/util/stream/Nodes$IntSpinedNodeBuilder done


Dynamic libraries:
0x00007ff64a220000 - 0x00007ff64a22e000 	c:\Users\rv178\.vscode\extensions\redhat.java-1.12.0-win32-x64\jre\17.0.4.1-win32-x86_64\bin\java.exe
0x00007fff36630000 - 0x00007fff36844000 	C:\WINDOWS\SYSTEM32\ntdll.dll
0x00007fff34820000 - 0x00007fff348e2000 	C:\WINDOWS\System32\KERNEL32.DLL
0x00007fff33a60000 - 0x00007fff33dfd000 	C:\WINDOWS\System32\KERNELBASE.dll
0x00007fff34270000 - 0x00007fff34381000 	C:\WINDOWS\System32\ucrtbase.dll
0x00007fff0f2d0000 - 0x00007fff0f2e8000 	c:\Users\rv178\.vscode\extensions\redhat.java-1.12.0-win32-x64\jre\17.0.4.1-win32-x86_64\bin\jli.dll
0x00007fff363d0000 - 0x00007fff3657a000 	C:\WINDOWS\System32\USER32.dll
0x00007fff33e00000 - 0x00007fff33e26000 	C:\WINDOWS\System32\win32u.dll
0x00007fff35520000 - 0x00007fff35549000 	C:\WINDOWS\System32\GDI32.dll
0x00007fff340e0000 - 0x00007fff341f2000 	C:\WINDOWS\System32\gdi32full.dll
0x00007fff34390000 - 0x00007fff3442a000 	C:\WINDOWS\System32\msvcp_win.dll
0x00007fff0d770000 - 0x00007fff0d789000 	c:\Users\rv178\.vscode\extensions\redhat.java-1.12.0-win32-x64\jre\17.0.4.1-win32-x86_64\bin\VCRUNTIME140.dll
0x00007fff1a7e0000 - 0x00007fff1aa6e000 	C:\WINDOWS\WinSxS\amd64_microsoft.windows.common-controls_6595b64144ccf1df_6.0.22621.608_none_a9444ca7c10bb01d\COMCTL32.dll
0x00007fff34430000 - 0x00007fff344d7000 	C:\WINDOWS\System32\msvcrt.dll
0x00007fff354c0000 - 0x00007fff354f2000 	C:\WINDOWS\System32\IMM32.DLL
0x00007fff1a540000 - 0x00007fff1a54c000 	c:\Users\rv178\.vscode\extensions\redhat.java-1.12.0-win32-x64\jre\17.0.4.1-win32-x86_64\bin\vcruntime140_1.dll
0x00007ffef0900000 - 0x00007ffef0991000 	c:\Users\rv178\.vscode\extensions\redhat.java-1.12.0-win32-x64\jre\17.0.4.1-win32-x86_64\bin\msvcp140.dll
0x00007ffea16a0000 - 0x00007ffea22e6000 	c:\Users\rv178\.vscode\extensions\redhat.java-1.12.0-win32-x64\jre\17.0.4.1-win32-x86_64\bin\server\jvm.dll
0x00007fff34a10000 - 0x00007fff34abe000 	C:\WINDOWS\System32\ADVAPI32.dll
0x00007fff34550000 - 0x00007fff345f4000 	C:\WINDOWS\System32\sechost.dll
0x00007fff348f0000 - 0x00007fff34a05000 	C:\WINDOWS\System32\RPCRT4.dll
0x00007fff35880000 - 0x00007fff35888000 	C:\WINDOWS\System32\PSAPI.DLL
0x00007fff1a0b0000 - 0x00007fff1a0b9000 	C:\WINDOWS\SYSTEM32\WSOCK32.dll
0x00007fff36210000 - 0x00007fff36281000 	C:\WINDOWS\System32\WS2_32.dll
0x00007fff2b810000 - 0x00007fff2b844000 	C:\WINDOWS\SYSTEM32\WINMM.dll
0x00007fff25150000 - 0x00007fff2515a000 	C:\WINDOWS\SYSTEM32\VERSION.dll
0x00007fff32aa0000 - 0x00007fff32ab8000 	C:\WINDOWS\SYSTEM32\kernel.appcore.dll
0x00007fff18e30000 - 0x00007fff18e3a000 	c:\Users\rv178\.vscode\extensions\redhat.java-1.12.0-win32-x64\jre\17.0.4.1-win32-x86_64\bin\jimage.dll
0x00007fff2e6d0000 - 0x00007fff2e8fe000 	C:\WINDOWS\SYSTEM32\DBGHELP.DLL
0x00007fff35890000 - 0x00007fff35c1a000 	C:\WINDOWS\System32\combase.dll
0x00007fff36130000 - 0x00007fff36207000 	C:\WINDOWS\System32\OLEAUT32.dll
0x00007fff0c730000 - 0x00007fff0c762000 	C:\WINDOWS\SYSTEM32\dbgcore.DLL
0x00007fff34060000 - 0x00007fff340db000 	C:\WINDOWS\System32\bcryptPrimitives.dll
0x00007fff18d20000 - 0x00007fff18d2e000 	c:\Users\rv178\.vscode\extensions\redhat.java-1.12.0-win32-x64\jre\17.0.4.1-win32-x86_64\bin\instrument.dll
0x00007fff05af0000 - 0x00007fff05b15000 	c:\Users\rv178\.vscode\extensions\redhat.java-1.12.0-win32-x64\jre\17.0.4.1-win32-x86_64\bin\java.dll
0x00007fff090a0000 - 0x00007fff090b8000 	c:\Users\rv178\.vscode\extensions\redhat.java-1.12.0-win32-x64\jre\17.0.4.1-win32-x86_64\bin\zip.dll
0x00007fff34ce0000 - 0x00007fff354c0000 	C:\WINDOWS\System32\SHELL32.dll
0x00007fff31a50000 - 0x00007fff32315000 	C:\WINDOWS\SYSTEM32\windows.storage.dll
0x00007fff31910000 - 0x00007fff31a4e000 	C:\WINDOWS\SYSTEM32\wintypes.dll
0x00007fff35770000 - 0x00007fff35861000 	C:\WINDOWS\System32\SHCORE.dll
0x00007fff35710000 - 0x00007fff3576e000 	C:\WINDOWS\System32\shlwapi.dll
0x00007fff33990000 - 0x00007fff339b1000 	C:\WINDOWS\SYSTEM32\profapi.dll
0x00007fff04b80000 - 0x00007fff04b99000 	C:\Users\rv178\.vscode\extensions\redhat.java-1.12.0-win32-x64\jre\17.0.4.1-win32-x86_64\bin\net.dll
0x00007fff2be00000 - 0x00007fff2bf2f000 	C:\WINDOWS\SYSTEM32\WINHTTP.dll
0x00007fff32f10000 - 0x00007fff32f79000 	C:\WINDOWS\system32\mswsock.dll
0x00007fff03bb0000 - 0x00007fff03bc5000 	C:\Users\rv178\.vscode\extensions\redhat.java-1.12.0-win32-x64\jre\17.0.4.1-win32-x86_64\bin\nio.dll
0x00007fff18320000 - 0x00007fff18330000 	c:\Users\rv178\.vscode\extensions\redhat.java-1.12.0-win32-x64\jre\17.0.4.1-win32-x86_64\bin\verify.dll
0x00007fff01690000 - 0x00007fff016ce000 	C:\Users\rv178\AppData\Roaming\Code\User\globalStorage\redhat.java\1.12.0\config_win\org.eclipse.equinox.launcher\org.eclipse.equinox.launcher.win32.win32.x86_64_1.2.600.v20220720-1916\eclipse_11700.dll
0x00007fff34600000 - 0x00007fff3479c000 	C:\WINDOWS\System32\ole32.dll
0x00007fff33180000 - 0x00007fff3319b000 	C:\WINDOWS\SYSTEM32\CRYPTSP.dll
0x00007fff32a00000 - 0x00007fff32a35000 	C:\WINDOWS\system32\rsaenh.dll
0x00007fff33020000 - 0x00007fff33048000 	C:\WINDOWS\SYSTEM32\USERENV.dll
0x00007fff33330000 - 0x00007fff33358000 	C:\WINDOWS\SYSTEM32\bcrypt.dll
0x00007fff33170000 - 0x00007fff3317c000 	C:\WINDOWS\SYSTEM32\CRYPTBASE.dll
0x00007fff32570000 - 0x00007fff3259d000 	C:\WINDOWS\SYSTEM32\IPHLPAPI.DLL
0x00007fff34cd0000 - 0x00007fff34cd9000 	C:\WINDOWS\System32\NSI.dll
0x00007fff2bd90000 - 0x00007fff2bda9000 	C:\WINDOWS\SYSTEM32\dhcpcsvc6.DLL
0x00007fff2bd70000 - 0x00007fff2bd8f000 	C:\WINDOWS\SYSTEM32\dhcpcsvc.DLL
0x00007fff325a0000 - 0x00007fff32692000 	C:\WINDOWS\SYSTEM32\DNSAPI.dll
0x00007ffefcd10000 - 0x00007ffefcd50000 	C:\Users\rv178\AppData\Local\Temp\jna-108845582\jna10029799596590133978.dll
0x00007fff30de0000 - 0x00007fff30dee000 	C:\Users\rv178\.vscode\extensions\redhat.java-1.12.0-win32-x64\jre\17.0.4.1-win32-x86_64\bin\sunmscapi.dll
0x00007fff33ef0000 - 0x00007fff34056000 	C:\WINDOWS\System32\CRYPT32.dll
0x00007fff33300000 - 0x00007fff3332d000 	C:\WINDOWS\SYSTEM32\ncrypt.dll
0x00007fff332c0000 - 0x00007fff332f7000 	C:\WINDOWS\SYSTEM32\NTASN1.dll

dbghelp: loaded successfully - version: 4.0.5 - missing functions: none
symbol engine: initialized successfully - sym options: 0x614 - pdb path: .;c:\Users\rv178\.vscode\extensions\redhat.java-1.12.0-win32-x64\jre\17.0.4.1-win32-x86_64\bin;C:\WINDOWS\SYSTEM32;C:\WINDOWS\WinSxS\amd64_microsoft.windows.common-controls_6595b64144ccf1df_6.0.22621.608_none_a9444ca7c10bb01d;c:\Users\rv178\.vscode\extensions\redhat.java-1.12.0-win32-x64\jre\17.0.4.1-win32-x86_64\bin\server;C:\Users\rv178\AppData\Roaming\Code\User\globalStorage\redhat.java\1.12.0\config_win\org.eclipse.equinox.launcher\org.eclipse.equinox.launcher.win32.win32.x86_64_1.2.600.v20220720-1916;C:\Users\rv178\AppData\Local\Temp\jna-108845582

VM Arguments:
jvm_args: --add-modules=ALL-SYSTEM --add-opens=java.base/java.util=ALL-UNNAMED --add-opens=java.base/java.lang=ALL-UNNAMED --add-opens=java.base/sun.nio.fs=ALL-UNNAMED -Declipse.application=org.eclipse.jdt.ls.core.id1 -Dosgi.bundles.defaultStartLevel=4 -Declipse.product=org.eclipse.jdt.ls.core.product -Djava.import.generatesMetadataFilesAtProjectRoot=false -Dfile.encoding=utf8 -XX:+UseParallelGC -XX:GCTimeRatio=4 -XX:AdaptiveSizePolicyWeight=90 -Dsun.zip.disableMemoryMapping=true -Xmx1G -Xms100m -Xlog:disable -javaagent:c:\Users\rv178\.vscode\extensions\redhat.java-1.12.0-win32-x64\lombok\lombok-1.18.24.jar -XX:+HeapDumpOnOutOfMemoryError -XX:HeapDumpPath=c:\Users\rv178\AppData\Roaming\Code\User\workspaceStorage\88fd78610c8575384478f8ed5f337a1f\redhat.java 
java_command: c:\Users\rv178\.vscode\extensions\redhat.java-1.12.0-win32-x64\server\plugins\org.eclipse.equinox.launcher_1.6.400.v20210924-0641.jar -configuration c:\Users\rv178\AppData\Roaming\Code\User\globalStorage\redhat.java\1.12.0\config_win -data c:\Users\rv178\AppData\Roaming\Code\User\workspaceStorage\88fd78610c8575384478f8ed5f337a1f\redhat.java\jdt_ws
java_class_path (initial): c:\Users\rv178\.vscode\extensions\redhat.java-1.12.0-win32-x64\server\plugins\org.eclipse.equinox.launcher_1.6.400.v20210924-0641.jar
Launcher Type: SUN_STANDARD

[Global flags]
    uintx AdaptiveSizePolicyWeight                 = 90                                        {product} {command line}
     intx CICompilerCount                          = 3                                         {product} {ergonomic}
    uintx GCTimeRatio                              = 4                                         {product} {command line}
     bool HeapDumpOnOutOfMemoryError               = true                                   {manageable} {command line}
    ccstr HeapDumpPath                             = c:\Users\rv178\AppData\Roaming\Code\User\workspaceStorage\88fd78610c8575384478f8ed5f337a1f\redhat.java         {manageable} {command line}
   size_t InitialHeapSize                          = 104857600                                 {product} {command line}
   size_t MaxHeapSize                              = 1073741824                                {product} {command line}
   size_t MaxNewSize                               = 357564416                                 {product} {ergonomic}
   size_t MinHeapDeltaBytes                        = 524288                                    {product} {ergonomic}
   size_t MinHeapSize                              = 104857600                                 {product} {command line}
   size_t NewSize                                  = 34603008                                  {product} {ergonomic}
    uintx NonNMethodCodeHeapSize                   = 5832780                                {pd product} {ergonomic}
    uintx NonProfiledCodeHeapSize                  = 122912730                              {pd product} {ergonomic}
   size_t OldSize                                  = 70254592                                  {product} {ergonomic}
    uintx ProfiledCodeHeapSize                     = 122912730                              {pd product} {ergonomic}
    uintx ReservedCodeCacheSize                    = 251658240                              {pd product} {ergonomic}
     bool SegmentedCodeCache                       = true                                      {product} {ergonomic}
   size_t SoftMaxHeapSize                          = 1073741824                             {manageable} {ergonomic}
     bool UseCompressedClassPointers               = true                           {product lp64_product} {ergonomic}
     bool UseCompressedOops                        = true                           {product lp64_product} {ergonomic}
     bool UseLargePagesIndividualAllocation        = false                                  {pd product} {ergonomic}
     bool UseParallelGC                            = true                                      {product} {command line}

Logging:
Log output configuration:
 #0: stdout all=off uptime,level,tags
 #1: stderr all=off uptime,level,tags

Environment Variables:
JAVA_HOME=C:\Program Files\Java\jdk-15.0.1
PATH=C:\Program Files (x86)\Common Files\Oracle\Java\javapath;C:\Program Files\Python37\Scripts\;C:\Program Files\Python37\;C:\WINDOWS\system32;C:\WINDOWS;C:\WINDOWS\System32\Wbem;C:\WINDOWS\System32\WindowsPowerShell\v1.0\;C:\WINDOWS\System32\OpenSSH\;C:\Program Files\Java\jdk1.8.0_271\bin;C:\MinGW\bin;C:\Program Files\Git\cmd;C:\Users\rv178\AppData\Local\Microsoft\WindowsApps;C:\Program Files\Java\jdk1.8.0_271\bin;C:\Users\rv178\AppData\Local\Programs\Microsoft VS Code\bin;C:\Users\rv178\AppData\Local\GitHubDesktop\bin;
USERNAME=rv178
OS=Windows_NT
PROCESSOR_IDENTIFIER=Intel64 Family 6 Model 142 Stepping 12, GenuineIntel
TMP=C:\Users\rv178\AppData\Local\Temp
TEMP=C:\Users\rv178\AppData\Local\Temp



---------------  S Y S T E M  ---------------

OS:
 Windows 11 , 64 bit Build 22621 (10.0.22621.755)
OS uptime: 1 days 5:25 hours
Hyper-V role detected

CPU: total 4 (initial active 4) (2 cores per cpu, 2 threads per core) family 6 model 142 stepping 12 microcode 0xde, cx8, cmov, fxsr, ht, mmx, 3dnowpref, sse, sse2, sse3, ssse3, sse4.1, sse4.2, popcnt, lzcnt, tsc, tscinvbit, avx, avx2, aes, erms, clmul, bmi1, bmi2, adx, fma, vzeroupper, clflush, clflushopt, hv

Memory: 4k page, system-wide physical 3933M (38M free)
TotalPageFile size 16221M (AvailPageFile size 1M)
current process WorkingSet (physical memory assigned to process): 87M, peak: 249M
current process commit charge ("private bytes"): 319M, peak: 356M

vm_info: OpenJDK 64-Bit Server VM (17.0.4.1+1) for windows-amd64 JRE (17.0.4.1+1), built on Aug 17 2022 07:42:43 by "temurin" with MS VC++ 16.7 (VS2019)

END.
